e:\coldeye\coldeye\release\vc140.pdb
e:\coldeye\coldeye\release\coldeyedlg.obj
e:\coldeye\coldeye\release\coldeye.obj
e:\coldeye\coldeye\release\duiframewnd.obj
e:\coldeye\coldeye\release\coldeye.pch
e:\coldeye\coldeye\release\stdafx.obj
e:\coldeye\coldeye\release\wallwnd.obj
e:\coldeye\coldeye\release\mainwnd.obj
e:\coldeye\coldeye\release\uisurface.obj
e:\coldeye\coldeye\release\subject.obj
e:\coldeye\coldeye\release\observer.obj
e:\coldeye\coldeye\release\msgsquare.obj
e:\coldeye\coldeye\release\recordfileinfo.obj
e:\coldeye\coldeye\release\recordfilebutler.obj
e:\coldeye\coldeye\release\camera.obj
e:\coldeye\coldeye\release\sqlitewrapper.obj
e:\coldeye\coldeye\release\dbshadow.obj
e:\coldeye\release\coldeye.exe
e:\coldeye\release\coldeye.pdb
e:\coldeye\coldeye\release\coldeye.res
e:\coldeye\coldeye\release\coldeye.tlog\cl.command.1.tlog
e:\coldeye\coldeye\release\coldeye.tlog\cl.read.1.tlog
e:\coldeye\coldeye\release\coldeye.tlog\cl.write.1.tlog
e:\coldeye\coldeye\release\coldeye.tlog\link.command.1.tlog
e:\coldeye\coldeye\release\coldeye.tlog\link.read.1.tlog
e:\coldeye\coldeye\release\coldeye.tlog\link.write.1.tlog
e:\coldeye\coldeye\release\coldeye.tlog\rc.command.1.tlog
e:\coldeye\coldeye\release\coldeye.tlog\rc.read.1.tlog
e:\coldeye\coldeye\release\coldeye.tlog\rc.write.1.tlog
