C:\Program Files (x86)\MSBuild\Microsoft.Cpp\v4.0\V140\Microsoft.CppBuild.targets(368,5): warning MSB8004: Output Directory does not end with a trailing slash.  This build instance will add the slash as it is required to allow proper evaluation of the Output Directory.
  stdafx.cpp
  ColdEye.cpp
c:\users\jlkkkk\desktop\coldeye\libs\duilib\Core/UIManager.h(56): warning C4091: “typedef ”: 没有声明变量时忽略“DuiLib::EVENTTYPE_UI”的左侧
c:\users\jlkkkk\desktop\coldeye\libs\duilib\Core/UIManager.h(64): warning C4091: “typedef ”: 没有声明变量时忽略“DuiLib::MSGTYPE_UI”的左侧
  DBShadow.cpp
Database\DBShadow.cpp(87): warning C4800: “int”: 将值强制为布尔值“true”或“false”(性能警告)
Database\DBShadow.cpp(107): warning C4800: “int”: 将值强制为布尔值“true”或“false”(性能警告)
  SQLiteWrapper.cpp
Database\SQLiteWrapper.cpp(98): warning C4101: “e”: 未引用的局部变量
  Camera.cpp
  RecordFileButler.cpp
  RecordFileInfo.cpp
  MsgSquare.cpp
  Observer.cpp
  Subject.cpp
  AlarmLightUI.cpp
c:\users\jlkkkk\desktop\coldeye\libs\duilib\Core/UIManager.h(56): warning C4091: “typedef ”: 没有声明变量时忽略“DuiLib::EVENTTYPE_UI”的左侧
c:\users\jlkkkk\desktop\coldeye\libs\duilib\Core/UIManager.h(64): warning C4091: “typedef ”: 没有声明变量时忽略“DuiLib::MSGTYPE_UI”的左侧
  AlarmVoiceListUI.cpp
c:\users\jlkkkk\desktop\coldeye\libs\duilib\Core/UIManager.h(56): warning C4091: “typedef ”: 没有声明变量时忽略“DuiLib::EVENTTYPE_UI”的左侧
c:\users\jlkkkk\desktop\coldeye\libs\duilib\Core/UIManager.h(64): warning C4091: “typedef ”: 没有声明变量时忽略“DuiLib::MSGTYPE_UI”的左侧
  AlarmVoiceSwitchUI.cpp
c:\users\jlkkkk\desktop\coldeye\libs\duilib\Core/UIManager.h(56): warning C4091: “typedef ”: 没有声明变量时忽略“DuiLib::EVENTTYPE_UI”的左侧
c:\users\jlkkkk\desktop\coldeye\libs\duilib\Core/UIManager.h(64): warning C4091: “typedef ”: 没有声明变量时忽略“DuiLib::MSGTYPE_UI”的左侧
  CameraSwitchUI.cpp
c:\users\jlkkkk\desktop\coldeye\libs\duilib\Core/UIManager.h(56): warning C4091: “typedef ”: 没有声明变量时忽略“DuiLib::EVENTTYPE_UI”的左侧
c:\users\jlkkkk\desktop\coldeye\libs\duilib\Core/UIManager.h(64): warning C4091: “typedef ”: 没有声明变量时忽略“DuiLib::MSGTYPE_UI”的左侧
  KeyBoardUI.cpp
c:\users\jlkkkk\desktop\coldeye\libs\duilib\Core/UIManager.h(56): warning C4091: “typedef ”: 没有声明变量时忽略“DuiLib::EVENTTYPE_UI”的左侧
c:\users\jlkkkk\desktop\coldeye\libs\duilib\Core/UIManager.h(64): warning C4091: “typedef ”: 没有声明变量时忽略“DuiLib::MSGTYPE_UI”的左侧
UI\Control\KeyBoardUI.cpp(20): warning C4101: “pLayout”: 未引用的局部变量
  MenuItemUI.cpp
c:\users\jlkkkk\desktop\coldeye\libs\duilib\Core/UIManager.h(56): warning C4091: “typedef ”: 没有声明变量时忽略“DuiLib::EVENTTYPE_UI”的左侧
c:\users\jlkkkk\desktop\coldeye\libs\duilib\Core/UIManager.h(64): warning C4091: “typedef ”: 没有声明变量时忽略“DuiLib::MSGTYPE_UI”的左侧
  MyEditUI.cpp
c:\users\jlkkkk\desktop\coldeye\libs\duilib\Core/UIManager.h(56): warning C4091: “typedef ”: 没有声明变量时忽略“DuiLib::EVENTTYPE_UI”的左侧
c:\users\jlkkkk\desktop\coldeye\libs\duilib\Core/UIManager.h(64): warning C4091: “typedef ”: 没有声明变量时忽略“DuiLib::MSGTYPE_UI”的左侧
  MyLabelUI.cpp
c:\users\jlkkkk\desktop\coldeye\libs\duilib\Core/UIManager.h(56): warning C4091: “typedef ”: 没有声明变量时忽略“DuiLib::EVENTTYPE_UI”的左侧
c:\users\jlkkkk\desktop\coldeye\libs\duilib\Core/UIManager.h(64): warning C4091: “typedef ”: 没有声明变量时忽略“DuiLib::MSGTYPE_UI”的左侧
  MyListUI.cpp
c:\users\jlkkkk\desktop\coldeye\libs\duilib\Core/UIManager.h(56): warning C4091: “typedef ”: 没有声明变量时忽略“DuiLib::EVENTTYPE_UI”的左侧
c:\users\jlkkkk\desktop\coldeye\libs\duilib\Core/UIManager.h(64): warning C4091: “typedef ”: 没有声明变量时忽略“DuiLib::MSGTYPE_UI”的左侧
  MySliderUI.cpp
c:\users\jlkkkk\desktop\coldeye\libs\duilib\Core/UIManager.h(56): warning C4091: “typedef ”: 没有声明变量时忽略“DuiLib::EVENTTYPE_UI”的左侧
c:\users\jlkkkk\desktop\coldeye\libs\duilib\Core/UIManager.h(64): warning C4091: “typedef ”: 没有声明变量时忽略“DuiLib::MSGTYPE_UI”的左侧
  PopupMenuUI.cpp
c:\users\jlkkkk\desktop\coldeye\libs\duilib\Core/UIManager.h(56): warning C4091: “typedef ”: 没有声明变量时忽略“DuiLib::EVENTTYPE_UI”的左侧
c:\users\jlkkkk\desktop\coldeye\libs\duilib\Core/UIManager.h(64): warning C4091: “typedef ”: 没有声明变量时忽略“DuiLib::MSGTYPE_UI”的左侧
UI\Control\PopupMenuUI.cpp(53): warning C4305: “参数”: 从“__int64”到“DWORD”截断
UI\Control\PopupMenuUI.cpp(53): warning C4309: “参数”: 截断常量值
  正在编译...
  ShipNameItemUI.cpp
c:\users\jlkkkk\desktop\coldeye\libs\duilib\Core/UIManager.h(56): warning C4091: “typedef ”: 没有声明变量时忽略“DuiLib::EVENTTYPE_UI”的左侧
c:\users\jlkkkk\desktop\coldeye\libs\duilib\Core/UIManager.h(64): warning C4091: “typedef ”: 没有声明变量时忽略“DuiLib::MSGTYPE_UI”的左侧
  TimeButtonUI.cpp
c:\users\jlkkkk\desktop\coldeye\libs\duilib\Core/UIManager.h(56): warning C4091: “typedef ”: 没有声明变量时忽略“DuiLib::EVENTTYPE_UI”的左侧
c:\users\jlkkkk\desktop\coldeye\libs\duilib\Core/UIManager.h(64): warning C4091: “typedef ”: 没有声明变量时忽略“DuiLib::MSGTYPE_UI”的左侧
UI\Control\TimeButtonUI.cpp(135): warning C4305: “参数”: 从“__int64”到“DWORD”截断
UI\Control\TimeButtonUI.cpp(135): warning C4309: “参数”: 截断常量值
  UISurface.cpp
c:\users\jlkkkk\desktop\coldeye\libs\duilib\Core/UIManager.h(56): warning C4091: “typedef ”: 没有声明变量时忽略“DuiLib::EVENTTYPE_UI”的左侧
c:\users\jlkkkk\desktop\coldeye\libs\duilib\Core/UIManager.h(64): warning C4091: “typedef ”: 没有声明变量时忽略“DuiLib::MSGTYPE_UI”的左侧
  VideoListUI.cpp
c:\users\jlkkkk\desktop\coldeye\libs\duilib\Core/UIManager.h(56): warning C4091: “typedef ”: 没有声明变量时忽略“DuiLib::EVENTTYPE_UI”的左侧
c:\users\jlkkkk\desktop\coldeye\libs\duilib\Core/UIManager.h(64): warning C4091: “typedef ”: 没有声明变量时忽略“DuiLib::MSGTYPE_UI”的左侧
UI\Control\VideoListUI.cpp(66): warning C4102: “CListUI”: 未引用的标签
  MainWnd.cpp
c:\users\jlkkkk\desktop\coldeye\libs\duilib\Core/UIManager.h(56): warning C4091: “typedef ”: 没有声明变量时忽略“DuiLib::EVENTTYPE_UI”的左侧
c:\users\jlkkkk\desktop\coldeye\libs\duilib\Core/UIManager.h(64): warning C4091: “typedef ”: 没有声明变量时忽略“DuiLib::MSGTYPE_UI”的左侧
UI\Wnd\MainWnd.cpp(69): warning C4018: “<”: 有符号/无符号不匹配
  MyMenuWnd.cpp
c:\users\jlkkkk\desktop\coldeye\libs\duilib\Core/UIManager.h(56): warning C4091: “typedef ”: 没有声明变量时忽略“DuiLib::EVENTTYPE_UI”的左侧
c:\users\jlkkkk\desktop\coldeye\libs\duilib\Core/UIManager.h(64): warning C4091: “typedef ”: 没有声明变量时忽略“DuiLib::MSGTYPE_UI”的左侧
  MsgWnd.cpp
c:\users\jlkkkk\desktop\coldeye\libs\duilib\Core/UIManager.h(56): warning C4091: “typedef ”: 没有声明变量时忽略“DuiLib::EVENTTYPE_UI”的左侧
c:\users\jlkkkk\desktop\coldeye\libs\duilib\Core/UIManager.h(64): warning C4091: “typedef ”: 没有声明变量时忽略“DuiLib::MSGTYPE_UI”的左侧
  WallWnd.cpp
c:\users\jlkkkk\desktop\coldeye\libs\duilib\Core/UIManager.h(56): warning C4091: “typedef ”: 没有声明变量时忽略“DuiLib::EVENTTYPE_UI”的左侧
c:\users\jlkkkk\desktop\coldeye\libs\duilib\Core/UIManager.h(64): warning C4091: “typedef ”: 没有声明变量时忽略“DuiLib::MSGTYPE_UI”的左侧
sqlite3.lib(sqlite3.obj) : warning LNK4075: 忽略“/EDITANDCONTINUE”(由于“/OPT:ICF”规范)
msvcrt.lib(initializers.obj) : warning LNK4098: 默认库“msvcrtd.lib”与其他库的使用冲突；请使用 /NODEFAULTLIB:library
msvcrtd.lib(_init_.obj) : error LNK2001: 无法解析的外部符号 __CrtDbgReport
msvcrtd.lib(_init_.obj) : error LNK2001: 无法解析的外部符号 __CrtDbgReportW
C:\Users\jlkkkk\Desktop\ColdEye\Release\ColdEye.exe : fatal error LNK1120: 2 个无法解析的外部命令
